Building DAG of jobs...
Using shell: /usr/bin/bash
Provided cores: 1 (use --cores to define parallelism)
Rules claiming more threads will be scaled down.
Job stats:
job        count
-------  -------
goodbye        1
total          1

Select jobs to execute...

[Wed Mar  5 01:06:51 2025]
rule goodbye:
    output: goodbye.txt
    jobid: 0
    reason: Missing output files: goodbye.txt
    resources: tmpdir=/tmp

[Wed Mar  5 01:06:51 2025]
Finished job 0.
1 of 1 steps (100%) done
Complete log: .snakemake/log/2025-03-05T010651.433134.snakemake.log
